<?xml version="1.0" encoding="UTF-8"?>
<!-- Generated by org.testng.reporters.JUnitReportReporter -->
<testsuite hostname="DESKTOP-P15NSOS" failures="0" tests="2" name="Learning_TestNg.Softtassertion" time="0.019" errors="0" timestamp="2023-02-21T22:27:22 IST" skipped="0">
  <testcase classname="Learning_TestNg.Softtassertion" name="b1" time="0.014"/>
  <system-out/>
  <testcase classname="Learning_TestNg.Softtassertion" name="b2" time="0.005"/>
  <system-out/>
</testsuite> <!-- Learning_TestNg.Softtassertion -->
