<?xml version="1.0" encoding="UTF-8"?>
<!-- Generated by org.testng.reporters.JUnitReportReporter -->
<testsuite hostname="DESKTOP-P15NSOS" failures="0" tests="4" name="Learning_TestNg.Parallel1" time="97.613" errors="0" timestamp="2023-02-22T23:38:08 IST" skipped="0">
  <testcase classname="Learning_TestNg.Parallel1" name="ts1" time="23.539"/>
  <system-out/>
  <testcase classname="Learning_TestNg.Parallel1" name="ts2" time="23.637"/>
  <system-out/>
  <testcase classname="Learning_TestNg.Parallel1" name="ts1" time="26.560"/>
  <system-out/>
  <testcase classname="Learning_TestNg.Parallel1" name="ts1" time="23.877"/>
  <system-out/>
</testsuite> <!-- Learning_TestNg.Parallel1 -->
