<?xml version="1.0" encoding="UTF-8"?>
<!-- Generated by org.testng.reporters.JUnitReportReporter -->
<testsuite hostname="DESKTOP-P15NSOS" failures="0" tests="3" name="Learning_TestNg.Parallel2" time="72.038" errors="0" timestamp="2023-02-22T23:38:08 IST" skipped="0">
  <testcase classname="Learning_TestNg.Parallel2" name="ps1" time="22.440"/>
  <system-out/>
  <testcase classname="Learning_TestNg.Parallel2" name="ps3" time="23.038"/>
  <system-out/>
  <testcase classname="Learning_TestNg.Parallel2" name="ps2" time="26.560"/>
  <system-out/>
</testsuite> <!-- Learning_TestNg.Parallel2 -->
