<?xml version="1.0" encoding="UTF-8"?>
<!-- Generated by org.testng.reporters.JUnitReportReporter -->
<testsuite hostname="DESKTOP-P15NSOS" failures="0" tests="1" name="Learning_TestNg.Parameter" time="22.953" errors="0" timestamp="2023-02-22T19:07:03 IST" skipped="0">
  <testcase classname="Learning_TestNg.Parameter" name="Login" time="22.953"/>
  <system-out/>
</testsuite> <!-- Learning_TestNg.Parameter -->
