<?xml version="1.0" encoding="UTF-8"?>
<!-- Generated by org.testng.reporters.JUnitReportReporter -->
<testsuite hostname="DESKTOP-P15NSOS" failures="0" tests="6" name="Learning_TestNg.Group" time="0.064" errors="0" timestamp="2023-02-22T20:06:33 IST" skipped="0">
  <testcase classname="Learning_TestNg.Group" name="tc3" time="0.007"/>
  <system-out/>
  <testcase classname="Learning_TestNg.Group" name="tc2" time="0.004"/>
  <system-out/>
  <testcase classname="Learning_TestNg.Group" name="tc5" time="0.008"/>
  <system-out/>
  <testcase classname="Learning_TestNg.Group" name="tc1" time="0.035"/>
  <system-out/>
  <testcase classname="Learning_TestNg.Group" name="tc4" time="0.006"/>
  <system-out/>
  <testcase classname="Learning_TestNg.Group" name="tc6" time="0.004"/>
  <system-out/>
</testsuite> <!-- Learning_TestNg.Group -->
