<?xml version="1.0" encoding="UTF-8"?>
<!-- Generated by org.testng.reporters.JUnitReportReporter -->
<testsuite hostname="DESKTOP-P15NSOS" failures="0" tests="4" name="Learning_TestNg.Icontext" time="0.033" errors="0" timestamp="2023-02-21T22:27:22 IST" skipped="0">
  <testcase classname="Learning_TestNg.Icontext" name="c2" time="0.010"/>
  <system-out/>
  <testcase classname="Learning_TestNg.Icontext" name="c4" time="0.004"/>
  <system-out/>
  <testcase classname="Learning_TestNg.Icontext" name="c1" time="0.014"/>
  <system-out/>
  <testcase classname="Learning_TestNg.Icontext" name="c3" time="0.005"/>
  <system-out/>
</testsuite> <!-- Learning_TestNg.Icontext -->
