<?xml version="1.0" encoding="UTF-8"?>
<!-- Generated by org.testng.reporters.JUnitReportReporter -->
<testsuite hostname="DESKTOP-P15NSOS" failures="0" tests="3" name="Learning_TestNg.Dependencie" time="7.300" errors="0" timestamp="2023-02-21T22:27:22 IST" skipped="0">
  <testcase classname="Learning_TestNg.Dependencie" name="LandingPage" time="0.024"/>
  <system-out/>
  <testcase classname="Learning_TestNg.Dependencie" name="Calculator" time="7.020"/>
  <system-out/>
  <testcase classname="Learning_TestNg.Dependencie" name="Return_Homepage" time="0.256"/>
  <system-out/>
</testsuite> <!-- Learning_TestNg.Dependencie -->
